<?xml version="1.0" encoding="UTF-8"?>
<!-- Generated by org.testng.reporters.JUnitReportReporter -->
<testsuite skipped="0" hostname="DTNBNAUD528014T" name="com.unisuper.assignment.Angular.Test.TestClass" tests="9" failures="0" timestamp="05 Jun 2017 08:39:07 GMT" time="74.210" errors="0">
  <testcase name="ReactivateCompleteTodo" time="7.762" classname="com.unisuper.assignment.Angular.Test.TestClass"/>
  <testcase name="EditExistingTodo" time="9.232" classname="com.unisuper.assignment.Angular.Test.TestClass"/>
  <testcase name="Add2Todo" time="7.951" classname="com.unisuper.assignment.Angular.Test.TestClass"/>
  <testcase name="CompleteTodo" time="9.345" classname="com.unisuper.assignment.Angular.Test.TestClass"/>
  <testcase name="CompleteTodoFilter" time="8.038" classname="com.unisuper.assignment.Angular.Test.TestClass"/>
  <testcase name="CompleteALLTodo" time="7.893" classname="com.unisuper.assignment.Angular.Test.TestClass"/>
  <testcase name="DeleteAllTodo" time="8.317" classname="com.unisuper.assignment.Angular.Test.TestClass"/>
  <testcase name="DeleteTodo" time="7.987" classname="com.unisuper.assignment.Angular.Test.TestClass"/>
  <testcase name="AddTodo" time="7.685" classname="com.unisuper.assignment.Angular.Test.TestClass"/>
</testsuite> <!-- com.unisuper.assignment.Angular.Test.TestClass -->
