<?xml version="1.0" encoding="UTF-8"?>
<!-- Generated by org.testng.reporters.JUnitReportReporter -->
<testsuite skipped="0" hostname="Gayathri" name="com.sreeram.gayathri.Maven.Test.Test_Tutorial" tests="2" failures="0" timestamp="02 Jun 2017 10:43:23 GMT" time="0.032" errors="0">
  <testcase name="test3" time="0.014" classname="com.sreeram.gayathri.Maven.Test.Test_Tutorial"/>
  <testcase name="test1" time="0.018" classname="com.sreeram.gayathri.Maven.Test.Test_Tutorial"/>
</testsuite> <!-- com.sreeram.gayathri.Maven.Test.Test_Tutorial -->
